2024-04-27 12:51:00.962 | WARNING  | __main__:cut_table_str_before:463 - 切除部分是非表格部分，停止切除held to be an illegal act...

2024-04-27 12:51:00.964 | WARNING  | __main__:cut_table_str_before:463 - 切除部分是非表格部分，停止切除Source/target Task
Category
# Queries
Ts
MSMARCO QA
Open Domain QA
148122
KILT-FEVER
Fact Checking
10444
KILT-WNED
Entity Linking
3396
KILT-T-REx
Slot Filling
5000
KILT-TriviaQA
Open Domain QA
5359
KILT-Wizard of Wikipedia
Dialogue
3054
Tt
MMLU
Multi-task Language Understanding
1531
PopQA
Open Domain QA
14267

2024-04-27 12:51:00.966 | SUCCESS  | __main__:title_pattern_2:664 - 成功找到标题：1 Introduction
2024-04-27 12:51:00.967 | SUCCESS  | __main__:title_pattern_2:664 - 成功找到标题：2 Related Work
2024-04-27 12:51:00.967 | SUCCESS  | __main__:title_pattern_2:664 - 成功找到标题：3 Method
2024-04-27 12:51:00.967 | SUCCESS  | __main__:title_pattern_2:664 - 成功找到标题：3.1 Preliminaries
2024-04-27 12:51:00.968 | SUCCESS  | __main__:title_pattern_2:664 - 成功找到标题：3.2 Augmentation-adapted Retriever
2024-04-27 12:51:00.968 | SUCCESS  | __main__:title_pattern_2:664 - 成功找到标题：4 Experimental Methodologies
2024-04-27 12:51:00.968 | SUCCESS  | __main__:title_pattern_2:664 - 成功找到标题：4.1 Target Tasks
2024-04-27 12:51:00.969 | SUCCESS  | __main__:title_pattern_2:664 - 成功找到标题：4.2 Our Method
2024-04-27 12:51:00.969 | SUCCESS  | __main__:title_pattern_2:664 - 成功找到标题：4.3 Baselines
2024-04-27 12:51:00.970 | SUCCESS  | __main__:title_pattern_2:664 - 成功找到标题：5 Evaluation Results
2024-04-27 12:51:00.970 | SUCCESS  | __main__:title_pattern_2:664 - 成功找到标题：5.1 Overall Performance
2024-04-27 12:51:00.971 | SUCCESS  | __main__:title_pattern_2:664 - 成功找到标题：5.2 Ablation Study
2024-04-27 12:51:00.971 | SUCCESS  | __main__:title_pattern_2:664 - 成功找到标题：5.3 Analysis of LM-preferred Documents
2024-04-27 12:51:00.972 | SUCCESS  | __main__:title_pattern_2:664 - 成功找到标题：5.4 Multi-task Training of AAR
2024-04-27 12:51:00.972 | SUCCESS  | __main__:title_pattern_2:664 - 成功找到标题：5.5 Effect of Retrieval Corpus
2024-04-27 12:51:00.973 | SUCCESS  | __main__:title_pattern_2:664 - 成功找到标题：5.6 Application Scenarios of AAR
2024-04-27 12:51:00.973 | SUCCESS  | __main__:title_pattern_2:664 - 成功找到标题：6 Discussions
2024-04-27 12:51:00.973 | SUCCESS  | __main__:title_pattern_2:664 - 成功找到标题：7 Conclusion and Future Work
2024-04-27 12:51:15.931 | ERROR    | __main__:cut_table_str:376 - 切除部分是非表格内容: Parameter
Value
Optimiser

2024-04-27 12:51:15.935 | SUCCESS  | __main__:title_pattern_2:664 - 成功找到标题：1 Timestep
2024-04-27 12:51:15.936 | SUCCESS  | __main__:title_pattern_2:664 - 成功找到标题：2 Timestep
2024-04-27 12:51:21.874 | ERROR    | __main__:cut_table_str:376 - 切除部分是非表格内容: Parameter
Value
Optimiser

2024-04-27 12:51:21.877 | SUCCESS  | __main__:title_pattern_1:603 - 成功找到标题：1. Introduction
2024-04-27 12:51:21.877 | SUCCESS  | __main__:title_pattern_1:603 - 成功找到标题：2. Related Works
2024-04-27 12:51:21.878 | SUCCESS  | __main__:title_pattern_1:603 - 成功找到标题：3. Background
2024-04-27 12:51:21.878 | SUCCESS  | __main__:title_pattern_1:603 - 成功找到标题：3.1 Denoising Diffusion Probabilistic Model
2024-04-27 12:51:21.879 | SUCCESS  | __main__:title_pattern_1:603 - 成功找到标题：3.2 Diffusion for Segmentation
2024-04-27 12:51:21.880 | SUCCESS  | __main__:title_pattern_1:603 - 成功找到标题：4. Methods
2024-04-27 12:51:21.880 | SUCCESS  | __main__:title_pattern_1:603 - 成功找到标题：5. Experiments
2024-04-27 12:51:21.881 | SUCCESS  | __main__:title_pattern_1:603 - 成功找到标题：5.1 Experiment Setting
2024-04-27 12:51:21.881 | SUCCESS  | __main__:title_pattern_1:603 - 成功找到标题：5.1.1 Diffusion Training Strategy Comparison
2024-04-27 12:51:21.881 | SUCCESS  | __main__:title_pattern_1:603 - 成功找到标题：5.1.2 Comparison to Non-diffusion Models
2024-04-27 12:51:21.882 | SUCCESS  | __main__:title_pattern_1:603 - 成功找到标题：5.1.3 Ablation Studies for Recycling
2024-04-27 12:51:21.882 | SUCCESS  | __main__:title_pattern_1:603 - 成功找到标题：5.1.4 Evaluation Metrics
2024-04-27 12:51:21.882 | SUCCESS  | __main__:title_pattern_1:603 - 成功找到标题：5.2 Data
2024-04-27 12:51:21.882 | SUCCESS  | __main__:title_pattern_1:603 - 成功找到标题：5.2.1 Muscle Ultrasound
2024-04-27 12:51:21.882 | SUCCESS  | __main__:title_pattern_1:603 - 成功找到标题：5.2.2 Abdominal CT (AMOS)
2024-04-27 12:51:21.883 | SUCCESS  | __main__:title_pattern_1:603 - 成功找到标题：5.2.3 Prostate MR
2024-04-27 12:51:21.883 | SUCCESS  | __main__:title_pattern_1:603 - 成功找到标题：5.2.4 Brain MR (BraTS 2021)
2024-04-27 12:51:21.883 | SUCCESS  | __main__:title_pattern_1:603 - 成功找到标题：5.3 Implementation Details
2024-04-27 12:51:21.884 | SUCCESS  | __main__:title_pattern_1:603 - 成功找到标题：6. Results and Discussion
2024-04-27 12:51:21.884 | SUCCESS  | __main__:title_pattern_1:603 - 成功找到标题：6.1 Diffusion Training Strategy Comparison
2024-04-27 12:51:21.885 | SUCCESS  | __main__:title_pattern_1:603 - 成功找到标题：6.2 Comparison to Non-diffusion Models
2024-04-27 12:51:21.886 | SUCCESS  | __main__:title_pattern_1:603 - 成功找到标题：6.3 Ablation Studies
2024-04-27 12:51:21.886 | SUCCESS  | __main__:title_pattern_1:603 - 成功找到标题：6.3.1 Number of sampling steps
2024-04-27 12:51:21.886 | SUCCESS  | __main__:title_pattern_1:603 - 成功找到标题：6.3.2 Inference Variance
2024-04-27 12:51:21.887 | SUCCESS  | __main__:title_pattern_1:603 - 成功找到标题：6.3.3 Transformer
2024-04-27 12:51:21.888 | SUCCESS  | __main__:title_pattern_1:603 - 成功找到标题：6.3.4 Length of training noise schedule
2024-04-27 12:51:21.888 | SUCCESS  | __main__:title_pattern_1:603 - 成功找到标题：7. Conclusion
2024-04-27 14:15:46.083 | SUCCESS  | __main__:title_pattern_2:664 - 成功找到标题：1 Introduction
2024-04-27 14:15:46.083 | SUCCESS  | __main__:title_pattern_2:664 - 成功找到标题：2 Background
2024-04-27 14:15:46.083 | SUCCESS  | __main__:title_pattern_2:664 - 成功找到标题：3 Diffusion models and denoising autoencoders
2024-04-27 14:15:46.084 | SUCCESS  | __main__:title_pattern_2:664 - 成功找到标题：3.1 Forward process and LT
2024-04-27 14:17:20.828 | SUCCESS  | __main__:title_pattern_2:665 - 成功找到标题：1 Introduction
2024-04-27 14:17:20.828 | SUCCESS  | __main__:title_pattern_2:665 - 成功找到标题：2 Background
2024-04-27 14:17:20.829 | SUCCESS  | __main__:title_pattern_2:665 - 成功找到标题：3 Diffusion models and denoising autoencoders
2024-04-27 14:17:20.829 | SUCCESS  | __main__:title_pattern_2:665 - 成功找到标题：3.1 Forward process and LT
2024-04-27 14:17:20.830 | SUCCESS  | __main__:title_pattern_2:665 - 成功找到标题：4 Experiments
2024-04-27 14:17:20.830 | SUCCESS  | __main__:title_pattern_2:665 - 成功找到标题：4.1 Sample quality
2024-04-27 14:17:20.831 | SUCCESS  | __main__:title_pattern_2:665 - 成功找到标题：4.2 Reverse process parameterization and training objective ablation
2024-04-27 14:17:20.831 | SUCCESS  | __main__:title_pattern_2:665 - 成功找到标题：4.3 Progressive coding
2024-04-27 14:17:20.832 | SUCCESS  | __main__:title_pattern_2:665 - 成功找到标题：4.4 Interpolation
2024-04-27 14:17:20.833 | SUCCESS  | __main__:title_pattern_2:665 - 成功找到标题：5 Related Work
2024-04-27 14:17:20.833 | SUCCESS  | __main__:title_pattern_2:665 - 成功找到标题：6 Conclusion
2024-04-27 14:18:52.155 | SUCCESS  | __main__:title_pattern_2:665 - 成功找到标题：1 Introduction
2024-04-27 14:18:52.155 | SUCCESS  | __main__:title_pattern_2:665 - 成功找到标题：2 Background
2024-04-27 14:18:52.155 | SUCCESS  | __main__:title_pattern_2:665 - 成功找到标题：3 Diffusion models and denoising autoencoders
2024-04-27 14:18:52.156 | SUCCESS  | __main__:title_pattern_2:665 - 成功找到标题：3.1 Forward process and LT
2024-04-27 14:18:52.156 | INFO     | __main__:title_pattern_2:697 - 4
2024-04-27 14:18:52.157 | SUCCESS  | __main__:title_pattern_2:665 - 成功找到标题：4 Experiments
2024-04-27 14:18:52.157 | SUCCESS  | __main__:title_pattern_2:665 - 成功找到标题：4.1 Sample quality
2024-04-27 14:18:52.157 | INFO     | __main__:title_pattern_2:697 - 5
2024-04-27 14:18:52.157 | SUCCESS  | __main__:title_pattern_2:665 - 成功找到标题：4.2 Reverse process parameterization and training objective ablation
2024-04-27 14:18:52.158 | SUCCESS  | __main__:title_pattern_2:665 - 成功找到标题：4.3 Progressive coding
2024-04-27 14:18:52.158 | SUCCESS  | __main__:title_pattern_2:665 - 成功找到标题：4.4 Interpolation
2024-04-27 14:18:52.158 | SUCCESS  | __main__:title_pattern_2:665 - 成功找到标题：5 Related Work
2024-04-27 14:18:52.158 | SUCCESS  | __main__:title_pattern_2:665 - 成功找到标题：6 Conclusion
2024-04-27 14:22:07.737 | SUCCESS  | __main__:title_pattern_2:666 - 成功找到标题：1 Introduction
2024-04-27 14:22:07.737 | SUCCESS  | __main__:title_pattern_2:666 - 成功找到标题：2 Background
2024-04-27 14:22:07.737 | SUCCESS  | __main__:title_pattern_2:666 - 成功找到标题：3 Diffusion models and denoising autoencoders
2024-04-27 14:22:07.738 | SUCCESS  | __main__:title_pattern_2:666 - 成功找到标题：3.1 Forward process and LT
2024-04-27 14:22:07.738 | ERROR    | __main__:title_pattern_2:698 - 4
2024-04-27 14:22:07.739 | SUCCESS  | __main__:title_pattern_2:666 - 成功找到标题：4 Experiments
2024-04-27 14:22:07.739 | SUCCESS  | __main__:title_pattern_2:666 - 成功找到标题：4.1 Sample quality
2024-04-27 14:22:07.739 | ERROR    | __main__:title_pattern_2:698 - 5
2024-04-27 14:22:07.739 | SUCCESS  | __main__:title_pattern_2:666 - 成功找到标题：4.2 Reverse process parameterization and training objective ablation
2024-04-27 14:22:07.739 | SUCCESS  | __main__:title_pattern_2:666 - 成功找到标题：4.3 Progressive coding
2024-04-27 14:22:07.740 | SUCCESS  | __main__:title_pattern_2:666 - 成功找到标题：4.4 Interpolation
2024-04-27 14:22:07.740 | SUCCESS  | __main__:title_pattern_2:666 - 成功找到标题：5 Related Work
2024-04-27 14:22:07.741 | SUCCESS  | __main__:title_pattern_2:666 - 成功找到标题：6 Conclusion
2024-04-27 14:22:24.659 | SUCCESS  | __main__:title_pattern_2:666 - 成功找到标题：1 Introduction
2024-04-27 14:22:24.660 | SUCCESS  | __main__:title_pattern_2:666 - 成功找到标题：2 Background
2024-04-27 14:22:24.660 | SUCCESS  | __main__:title_pattern_2:666 - 成功找到标题：3 Diffusion models and denoising autoencoders
2024-04-27 14:22:24.661 | SUCCESS  | __main__:title_pattern_2:666 - 成功找到标题：3.1 Forward process and LT
2024-04-27 14:22:24.661 | ERROR    | __main__:design_en_or_space_2:507 - Reverse process and L1:T −1 在 − 处没通过
2024-04-27 14:22:24.662 | ERROR    | __main__:title_pattern_2:698 - 4
2024-04-27 14:22:24.662 | SUCCESS  | __main__:title_pattern_2:666 - 成功找到标题：4 Experiments
2024-04-27 14:22:24.662 | SUCCESS  | __main__:title_pattern_2:666 - 成功找到标题：4.1 Sample quality
2024-04-27 14:22:24.663 | ERROR    | __main__:title_pattern_2:698 - 5
2024-04-27 14:22:24.663 | SUCCESS  | __main__:title_pattern_2:666 - 成功找到标题：4.2 Reverse process parameterization and training objective ablation
2024-04-27 14:22:24.663 | SUCCESS  | __main__:title_pattern_2:666 - 成功找到标题：4.3 Progressive coding
2024-04-27 14:22:24.664 | SUCCESS  | __main__:title_pattern_2:666 - 成功找到标题：4.4 Interpolation
2024-04-27 14:22:24.664 | SUCCESS  | __main__:title_pattern_2:666 - 成功找到标题：5 Related Work
2024-04-27 14:22:24.664 | SUCCESS  | __main__:title_pattern_2:666 - 成功找到标题：6 Conclusion
2024-04-27 14:22:46.927 | SUCCESS  | __main__:title_pattern_2:666 - 成功找到标题：1 Introduction
2024-04-27 14:22:46.927 | SUCCESS  | __main__:title_pattern_2:666 - 成功找到标题：2 Background
2024-04-27 14:22:46.928 | SUCCESS  | __main__:title_pattern_2:666 - 成功找到标题：3 Diffusion models and denoising autoencoders
2024-04-27 14:22:46.928 | SUCCESS  | __main__:title_pattern_2:666 - 成功找到标题：3.1 Forward process and LT
2024-04-27 14:22:46.928 | SUCCESS  | __main__:title_pattern_2:666 - 成功找到标题：3.2 Reverse process and L1:T −1
2024-04-27 14:22:46.929 | ERROR    | __main__:design_en_or_space_2:507 - Data scaling, reverse process decoder, and L0 在 , 处没通过
2024-04-27 14:22:46.929 | ERROR    | __main__:title_pattern_2:698 - 4
2024-04-27 14:22:46.930 | SUCCESS  | __main__:title_pattern_2:666 - 成功找到标题：4 Experiments
2024-04-27 14:22:46.930 | SUCCESS  | __main__:title_pattern_2:666 - 成功找到标题：4.1 Sample quality
2024-04-27 14:22:46.930 | ERROR    | __main__:title_pattern_2:698 - 5
2024-04-27 14:22:46.931 | SUCCESS  | __main__:title_pattern_2:666 - 成功找到标题：4.2 Reverse process parameterization and training objective ablation
2024-04-27 14:22:46.931 | SUCCESS  | __main__:title_pattern_2:666 - 成功找到标题：4.3 Progressive coding
2024-04-27 14:22:46.931 | SUCCESS  | __main__:title_pattern_2:666 - 成功找到标题：4.4 Interpolation
2024-04-27 14:22:46.932 | SUCCESS  | __main__:title_pattern_2:666 - 成功找到标题：5 Related Work
2024-04-27 14:22:46.932 | SUCCESS  | __main__:title_pattern_2:666 - 成功找到标题：6 Conclusion
2024-04-27 14:23:58.532 | SUCCESS  | __main__:title_pattern_2:666 - 成功找到标题：1 Introduction
2024-04-27 14:23:58.533 | SUCCESS  | __main__:title_pattern_2:666 - 成功找到标题：2 Background
2024-04-27 14:23:58.533 | SUCCESS  | __main__:title_pattern_2:666 - 成功找到标题：3 Diffusion models and denoising autoencoders
2024-04-27 14:23:58.533 | SUCCESS  | __main__:title_pattern_2:666 - 成功找到标题：3.1 Forward process and LT
2024-04-27 14:23:58.534 | SUCCESS  | __main__:title_pattern_2:666 - 成功找到标题：3.2 Reverse process and L1:T −1
2024-04-27 14:23:58.534 | SUCCESS  | __main__:title_pattern_2:666 - 成功找到标题：3.3 Data scaling, reverse process decoder, and L0
2024-04-27 14:23:58.535 | ERROR    | __main__:design_en_or_space_2:507 - Simpliﬁed training objective 在 ﬁ 处没通过
2024-04-27 14:23:58.535 | ERROR    | __main__:title_pattern_2:698 - 4
2024-04-27 14:23:58.536 | SUCCESS  | __main__:title_pattern_2:666 - 成功找到标题：4 Experiments
2024-04-27 14:23:58.536 | SUCCESS  | __main__:title_pattern_2:666 - 成功找到标题：4.1 Sample quality
2024-04-27 14:23:58.536 | ERROR    | __main__:title_pattern_2:698 - 5
2024-04-27 14:23:58.536 | SUCCESS  | __main__:title_pattern_2:666 - 成功找到标题：4.2 Reverse process parameterization and training objective ablation
2024-04-27 14:23:58.536 | SUCCESS  | __main__:title_pattern_2:666 - 成功找到标题：4.3 Progressive coding
2024-04-27 14:23:58.537 | SUCCESS  | __main__:title_pattern_2:666 - 成功找到标题：4.4 Interpolation
2024-04-27 14:23:58.537 | SUCCESS  | __main__:title_pattern_2:666 - 成功找到标题：5 Related Work
2024-04-27 14:23:58.538 | SUCCESS  | __main__:title_pattern_2:666 - 成功找到标题：6 Conclusion
2024-04-27 14:25:53.547 | SUCCESS  | __main__:title_pattern_2:666 - 成功找到标题：1 Introduction
2024-04-27 14:25:53.548 | SUCCESS  | __main__:title_pattern_2:666 - 成功找到标题：2 Background
2024-04-27 14:25:53.548 | SUCCESS  | __main__:title_pattern_2:666 - 成功找到标题：3 Diffusion models and denoising autoencoders
2024-04-27 14:25:53.548 | SUCCESS  | __main__:title_pattern_2:666 - 成功找到标题：3.1 Forward process and LT
2024-04-27 14:25:53.549 | SUCCESS  | __main__:title_pattern_2:666 - 成功找到标题：3.2 Reverse process and L1:T −1
2024-04-27 14:25:53.549 | SUCCESS  | __main__:title_pattern_2:666 - 成功找到标题：3.3 Data scaling, reverse process decoder, and L0
2024-04-27 14:25:53.549 | SUCCESS  | __main__:title_pattern_2:666 - 成功找到标题：3.4 Simpliﬁed training objective
2024-04-27 14:25:53.550 | ERROR    | __main__:title_pattern_2:698 - 4
2024-04-27 14:25:53.550 | SUCCESS  | __main__:title_pattern_2:666 - 成功找到标题：4 Experiments
2024-04-27 14:25:53.550 | SUCCESS  | __main__:title_pattern_2:666 - 成功找到标题：4.1 Sample quality
2024-04-27 14:25:53.550 | ERROR    | __main__:title_pattern_2:698 - 5
2024-04-27 14:25:53.551 | SUCCESS  | __main__:title_pattern_2:666 - 成功找到标题：4.2 Reverse process parameterization and training objective ablation
2024-04-27 14:25:53.551 | SUCCESS  | __main__:title_pattern_2:666 - 成功找到标题：4.3 Progressive coding
2024-04-27 14:25:53.551 | SUCCESS  | __main__:title_pattern_2:666 - 成功找到标题：4.4 Interpolation
2024-04-27 14:25:53.552 | SUCCESS  | __main__:title_pattern_2:666 - 成功找到标题：5 Related Work
2024-04-27 14:25:53.552 | SUCCESS  | __main__:title_pattern_2:666 - 成功找到标题：6 Conclusion
2024-04-27 14:26:40.949 | SUCCESS  | __main__:title_pattern_2:666 - 成功找到标题：1 Introduction
2024-04-27 14:26:40.950 | SUCCESS  | __main__:title_pattern_2:666 - 成功找到标题：2 Background
2024-04-27 14:26:40.950 | SUCCESS  | __main__:title_pattern_2:666 - 成功找到标题：3 Diffusion models and denoising autoencoders
2024-04-27 14:26:40.951 | SUCCESS  | __main__:title_pattern_2:666 - 成功找到标题：3.1 Forward process and LT
2024-04-27 14:26:40.951 | SUCCESS  | __main__:title_pattern_2:666 - 成功找到标题：3.2 Reverse process and L1:T −1
2024-04-27 14:26:40.952 | SUCCESS  | __main__:title_pattern_2:666 - 成功找到标题：3.3 Data scaling, reverse process decoder, and L0
2024-04-27 14:26:40.952 | SUCCESS  | __main__:title_pattern_2:666 - 成功找到标题：3.4 Simpliﬁed training objective
2024-04-27 14:26:40.953 | INFO     | __main__:title_pattern_2:698 - 4 达到了末尾
2024-04-27 14:26:40.953 | SUCCESS  | __main__:title_pattern_2:666 - 成功找到标题：4 Experiments
2024-04-27 14:26:40.954 | SUCCESS  | __main__:title_pattern_2:666 - 成功找到标题：4.1 Sample quality
2024-04-27 14:26:40.954 | INFO     | __main__:title_pattern_2:698 - 5 达到了末尾
2024-04-27 14:26:40.954 | SUCCESS  | __main__:title_pattern_2:666 - 成功找到标题：4.2 Reverse process parameterization and training objective ablation
2024-04-27 14:26:40.955 | SUCCESS  | __main__:title_pattern_2:666 - 成功找到标题：4.3 Progressive coding
2024-04-27 14:26:40.955 | SUCCESS  | __main__:title_pattern_2:666 - 成功找到标题：4.4 Interpolation
2024-04-27 14:26:40.956 | SUCCESS  | __main__:title_pattern_2:666 - 成功找到标题：5 Related Work
2024-04-27 14:26:40.956 | SUCCESS  | __main__:title_pattern_2:666 - 成功找到标题：6 Conclusion
2024-04-27 14:27:19.535 | SUCCESS  | __main__:title_pattern_2:666 - 成功找到标题：1 Introduction
2024-04-27 14:27:19.535 | SUCCESS  | __main__:title_pattern_2:666 - 成功找到标题：2 Background
2024-04-27 14:27:19.536 | SUCCESS  | __main__:title_pattern_2:666 - 成功找到标题：3 Diffusion models and denoising autoencoders
2024-04-27 14:27:19.536 | SUCCESS  | __main__:title_pattern_2:666 - 成功找到标题：3.1 Forward process and LT
2024-04-27 14:27:19.536 | SUCCESS  | __main__:title_pattern_2:666 - 成功找到标题：3.2 Reverse process and L1:T −1
2024-04-27 14:27:19.537 | SUCCESS  | __main__:title_pattern_2:666 - 成功找到标题：3.3 Data scaling, reverse process decoder, and L0
2024-04-27 14:27:19.537 | SUCCESS  | __main__:title_pattern_2:666 - 成功找到标题：3.4 Simpliﬁed training objective
2024-04-27 14:27:19.537 | INFO     | __main__:title_pattern_2:698 - 4 达到了4页的末尾
2024-04-27 14:27:19.538 | SUCCESS  | __main__:title_pattern_2:666 - 成功找到标题：4 Experiments
2024-04-27 14:27:19.538 | SUCCESS  | __main__:title_pattern_2:666 - 成功找到标题：4.1 Sample quality
2024-04-27 14:27:19.539 | INFO     | __main__:title_pattern_2:698 - 5 达到了5页的末尾
2024-04-27 14:27:19.539 | SUCCESS  | __main__:title_pattern_2:666 - 成功找到标题：4.2 Reverse process parameterization and training objective ablation
2024-04-27 14:27:19.539 | SUCCESS  | __main__:title_pattern_2:666 - 成功找到标题：4.3 Progressive coding
2024-04-27 14:27:19.540 | SUCCESS  | __main__:title_pattern_2:666 - 成功找到标题：4.4 Interpolation
2024-04-27 14:27:19.540 | SUCCESS  | __main__:title_pattern_2:666 - 成功找到标题：5 Related Work
2024-04-27 14:27:19.540 | SUCCESS  | __main__:title_pattern_2:666 - 成功找到标题：6 Conclusion
2024-04-27 14:27:35.375 | SUCCESS  | __main__:title_pattern_2:666 - 成功找到标题：1 Introduction
2024-04-27 14:27:35.375 | SUCCESS  | __main__:title_pattern_2:666 - 成功找到标题：2 Background
2024-04-27 14:27:35.376 | SUCCESS  | __main__:title_pattern_2:666 - 成功找到标题：3 Diffusion models and denoising autoencoders
2024-04-27 14:27:35.376 | SUCCESS  | __main__:title_pattern_2:666 - 成功找到标题：3.1 Forward process and LT
2024-04-27 14:27:35.376 | SUCCESS  | __main__:title_pattern_2:666 - 成功找到标题：3.2 Reverse process and L1:T −1
2024-04-27 14:27:35.377 | SUCCESS  | __main__:title_pattern_2:666 - 成功找到标题：3.3 Data scaling, reverse process decoder, and L0
2024-04-27 14:27:35.377 | SUCCESS  | __main__:title_pattern_2:666 - 成功找到标题：3.4 Simpliﬁed training objective
2024-04-27 14:27:35.378 | WARNING  | __main__:title_pattern_2:698 - 4 达到了4页的末尾
2024-04-27 14:27:35.378 | SUCCESS  | __main__:title_pattern_2:666 - 成功找到标题：4 Experiments
2024-04-27 14:27:35.378 | SUCCESS  | __main__:title_pattern_2:666 - 成功找到标题：4.1 Sample quality
2024-04-27 14:27:35.379 | WARNING  | __main__:title_pattern_2:698 - 5 达到了5页的末尾
2024-04-27 14:27:35.379 | SUCCESS  | __main__:title_pattern_2:666 - 成功找到标题：4.2 Reverse process parameterization and training objective ablation
2024-04-27 14:27:35.379 | SUCCESS  | __main__:title_pattern_2:666 - 成功找到标题：4.3 Progressive coding
2024-04-27 14:27:35.380 | SUCCESS  | __main__:title_pattern_2:666 - 成功找到标题：4.4 Interpolation
2024-04-27 14:27:35.380 | SUCCESS  | __main__:title_pattern_2:666 - 成功找到标题：5 Related Work
2024-04-27 14:27:35.380 | SUCCESS  | __main__:title_pattern_2:666 - 成功找到标题：6 Conclusion
2024-04-27 14:28:00.187 | ERROR    | __main__:cut_table_str:376 - 切除部分是非表格内容: 
2024-04-27 14:28:24.442 | ERROR    | __main__:cut_table_str:376 - 切除部分是非表格内容: 
2024-04-27 14:28:24.444 | SUCCESS  | __main__:title_pattern_1:604 - 成功找到标题：1. Introduction
2024-04-27 14:28:24.444 | SUCCESS  | __main__:title_pattern_1:604 - 成功找到标题：2. Related Work
2024-04-27 14:28:24.445 | SUCCESS  | __main__:title_pattern_1:604 - 成功找到标题：2.1. Diffusion Model Acceleration
2024-04-27 14:28:24.445 | SUCCESS  | __main__:title_pattern_1:604 - 成功找到标题：2.2. Post-training Quantization
2024-04-27 14:28:24.445 | SUCCESS  | __main__:title_pattern_1:604 - 成功找到标题：3. PTQ on Diffusion Models
2024-04-27 14:28:24.446 | SUCCESS  | __main__:title_pattern_1:604 - 成功找到标题：3.1. Preliminaries
2024-04-27 14:28:24.446 | SUCCESS  | __main__:title_pattern_1:604 - 成功找到标题：3.2. Exploration on Operation Selection
2024-04-27 14:28:24.447 | SUCCESS  | __main__:title_pattern_1:604 - 成功找到标题：3.3. Exploration on Calibration Dataset
2024-04-27 14:28:24.448 | SUCCESS  | __main__:title_pattern_1:604 - 成功找到标题：3.4. Exploration on Parameter Calibration
2024-04-27 14:28:24.448 | SUCCESS  | __main__:title_pattern_1:604 - 成功找到标题：4. More Experiments
2024-04-27 14:28:24.449 | SUCCESS  | __main__:title_pattern_1:604 - 成功找到标题：5. Conclusion
2024-04-27 14:28:24.449 | SUCCESS  | __main__:title_pattern_1:604 - 成功找到标题：6. Appendix
2024-04-27 14:28:24.450 | SUCCESS  | __main__:title_pattern_1:604 - 成功找到标题：6.1. Nonuniform Distribution Selection
2024-04-27 14:28:24.450 | SUCCESS  | __main__:title_pattern_1:604 - 成功找到标题：6.2. Actual Acceleration
2024-04-27 14:31:13.712 | ERROR    | __main__:search_title:559 - 标题未找到
2024-04-27 14:31:13.713 | ERROR    | __main__:__init__:39 - 未找到title_pattern
2024-04-27 14:31:13.715 | ERROR    | __main__:cut_table_str:383 - 切除部分是非表格内容: 
2024-04-27 14:31:46.607 | INFO     | __main__:search_title:548 - paper标题模式确认，1. Introduction
2024-04-27 14:31:46.608 | SUCCESS  | __main__:title_pattern_1:611 - 成功找到标题：1. Introduction
2024-04-27 14:31:46.609 | SUCCESS  | __main__:title_pattern_1:611 - 成功找到标题：2. Related Work
2024-04-27 14:31:46.609 | SUCCESS  | __main__:title_pattern_1:611 - 成功找到标题：2.1. Diffusion Model Acceleration
2024-04-27 14:31:46.609 | SUCCESS  | __main__:title_pattern_1:611 - 成功找到标题：2.2. Post-training Quantization
2024-04-27 14:31:46.610 | SUCCESS  | __main__:title_pattern_1:611 - 成功找到标题：3. PTQ on Diffusion Models
2024-04-27 14:31:46.610 | SUCCESS  | __main__:title_pattern_1:611 - 成功找到标题：3.1. Preliminaries
2024-04-27 14:31:46.611 | SUCCESS  | __main__:title_pattern_1:611 - 成功找到标题：3.2. Exploration on Operation Selection
2024-04-27 14:31:46.611 | SUCCESS  | __main__:title_pattern_1:611 - 成功找到标题：3.3. Exploration on Calibration Dataset
2024-04-27 14:31:46.613 | SUCCESS  | __main__:title_pattern_1:611 - 成功找到标题：3.4. Exploration on Parameter Calibration
2024-04-27 14:31:46.613 | SUCCESS  | __main__:title_pattern_1:611 - 成功找到标题：4. More Experiments
2024-04-27 14:31:46.613 | SUCCESS  | __main__:title_pattern_1:611 - 成功找到标题：5. Conclusion
2024-04-27 14:31:46.614 | SUCCESS  | __main__:title_pattern_1:611 - 成功找到标题：6. Appendix
2024-04-27 14:31:46.614 | SUCCESS  | __main__:title_pattern_1:611 - 成功找到标题：6.1. Nonuniform Distribution Selection
2024-04-27 14:31:46.615 | SUCCESS  | __main__:title_pattern_1:611 - 成功找到标题：6.2. Actual Acceleration
2024-04-27 14:31:46.617 | ERROR    | __main__:cut_table_str:383 - 切除部分是非表格内容: 
2024-04-27 14:32:08.311 | INFO     | __main__:search_title:548 - paper标题模式确认，1. Introduction
2024-04-27 14:32:08.312 | SUCCESS  | __main__:title_pattern_1:611 - 成功找到标题：1. Introduction
2024-04-27 14:32:08.312 | SUCCESS  | __main__:title_pattern_1:611 - 成功找到标题：2. Related Works
2024-04-27 14:32:08.313 | SUCCESS  | __main__:title_pattern_1:611 - 成功找到标题：3. Background
2024-04-27 14:32:08.313 | SUCCESS  | __main__:title_pattern_1:611 - 成功找到标题：3.1 Denoising Diffusion Probabilistic Model
2024-04-27 14:32:08.313 | SUCCESS  | __main__:title_pattern_1:611 - 成功找到标题：3.2 Diffusion for Segmentation
2024-04-27 14:32:08.314 | SUCCESS  | __main__:title_pattern_1:611 - 成功找到标题：4. Methods
2024-04-27 14:32:08.314 | SUCCESS  | __main__:title_pattern_1:611 - 成功找到标题：5. Experiments
2024-04-27 14:32:08.314 | SUCCESS  | __main__:title_pattern_1:611 - 成功找到标题：5.1 Experiment Setting
2024-04-27 14:32:08.315 | SUCCESS  | __main__:title_pattern_1:611 - 成功找到标题：5.1.1 Diffusion Training Strategy Comparison
2024-04-27 14:32:08.315 | SUCCESS  | __main__:title_pattern_1:611 - 成功找到标题：5.1.2 Comparison to Non-diffusion Models
2024-04-27 14:32:08.315 | SUCCESS  | __main__:title_pattern_1:611 - 成功找到标题：5.1.3 Ablation Studies for Recycling
2024-04-27 14:32:08.315 | SUCCESS  | __main__:title_pattern_1:611 - 成功找到标题：5.1.4 Evaluation Metrics
2024-04-27 14:32:08.316 | SUCCESS  | __main__:title_pattern_1:611 - 成功找到标题：5.2 Data
2024-04-27 14:32:08.316 | SUCCESS  | __main__:title_pattern_1:611 - 成功找到标题：5.2.1 Muscle Ultrasound
2024-04-27 14:32:08.316 | SUCCESS  | __main__:title_pattern_1:611 - 成功找到标题：5.2.2 Abdominal CT (AMOS)
2024-04-27 14:32:08.316 | SUCCESS  | __main__:title_pattern_1:611 - 成功找到标题：5.2.3 Prostate MR
2024-04-27 14:32:08.317 | SUCCESS  | __main__:title_pattern_1:611 - 成功找到标题：5.2.4 Brain MR (BraTS 2021)
2024-04-27 14:32:08.317 | SUCCESS  | __main__:title_pattern_1:611 - 成功找到标题：5.3 Implementation Details
2024-04-27 14:32:08.317 | SUCCESS  | __main__:title_pattern_1:611 - 成功找到标题：6. Results and Discussion
2024-04-27 14:32:08.317 | SUCCESS  | __main__:title_pattern_1:611 - 成功找到标题：6.1 Diffusion Training Strategy Comparison
2024-04-27 14:32:08.319 | SUCCESS  | __main__:title_pattern_1:611 - 成功找到标题：6.2 Comparison to Non-diffusion Models
2024-04-27 14:32:08.320 | SUCCESS  | __main__:title_pattern_1:611 - 成功找到标题：6.3 Ablation Studies
2024-04-27 14:32:08.320 | SUCCESS  | __main__:title_pattern_1:611 - 成功找到标题：6.3.1 Number of sampling steps
2024-04-27 14:32:08.320 | SUCCESS  | __main__:title_pattern_1:611 - 成功找到标题：6.3.2 Inference Variance
2024-04-27 14:32:08.321 | SUCCESS  | __main__:title_pattern_1:611 - 成功找到标题：6.3.3 Transformer
2024-04-27 14:32:08.322 | SUCCESS  | __main__:title_pattern_1:611 - 成功找到标题：6.3.4 Length of training noise schedule
2024-04-27 14:32:08.322 | SUCCESS  | __main__:title_pattern_1:611 - 成功找到标题：7. Conclusion
2024-04-27 14:32:08.330 | ERROR    | __main__:cut_table_str:383 - 切除部分是非表格内容: Parameter
Value
Optimiser

2024-04-27 14:32:24.618 | INFO     | __main__:search_title:556 - paper标题模型确认，
1
Introduction
2024-04-27 14:32:24.618 | SUCCESS  | __main__:title_pattern_2:673 - 成功找到标题：1 Introduction
2024-04-27 14:32:24.619 | SUCCESS  | __main__:title_pattern_2:673 - 成功找到标题：2 Related Work
2024-04-27 14:32:24.619 | SUCCESS  | __main__:title_pattern_2:673 - 成功找到标题：3 Method
2024-04-27 14:32:24.619 | SUCCESS  | __main__:title_pattern_2:673 - 成功找到标题：3.1 Preliminaries
2024-04-27 14:32:24.619 | SUCCESS  | __main__:title_pattern_2:673 - 成功找到标题：3.2 Augmentation-adapted Retriever
2024-04-27 14:32:24.620 | SUCCESS  | __main__:title_pattern_2:673 - 成功找到标题：4 Experimental Methodologies
2024-04-27 14:32:24.620 | SUCCESS  | __main__:title_pattern_2:673 - 成功找到标题：4.1 Target Tasks
2024-04-27 14:32:24.620 | SUCCESS  | __main__:title_pattern_2:673 - 成功找到标题：4.2 Our Method
2024-04-27 14:32:24.620 | SUCCESS  | __main__:title_pattern_2:673 - 成功找到标题：4.3 Baselines
2024-04-27 14:32:24.621 | SUCCESS  | __main__:title_pattern_2:673 - 成功找到标题：5 Evaluation Results
2024-04-27 14:32:24.621 | SUCCESS  | __main__:title_pattern_2:673 - 成功找到标题：5.1 Overall Performance
2024-04-27 14:32:24.622 | SUCCESS  | __main__:title_pattern_2:673 - 成功找到标题：5.2 Ablation Study
2024-04-27 14:32:24.622 | SUCCESS  | __main__:title_pattern_2:673 - 成功找到标题：5.3 Analysis of LM-preferred Documents
2024-04-27 14:32:24.623 | SUCCESS  | __main__:title_pattern_2:673 - 成功找到标题：5.4 Multi-task Training of AAR
2024-04-27 14:32:24.623 | SUCCESS  | __main__:title_pattern_2:673 - 成功找到标题：5.5 Effect of Retrieval Corpus
2024-04-27 14:32:24.623 | SUCCESS  | __main__:title_pattern_2:673 - 成功找到标题：5.6 Application Scenarios of AAR
2024-04-27 14:32:24.624 | SUCCESS  | __main__:title_pattern_2:673 - 成功找到标题：6 Discussions
2024-04-27 14:32:24.624 | SUCCESS  | __main__:title_pattern_2:673 - 成功找到标题：7 Conclusion and Future Work
2024-04-27 14:32:24.628 | WARNING  | __main__:cut_table_str_before:470 - 切除部分是非表格部分，停止切除held to be an illegal act...

2024-04-27 14:32:24.629 | WARNING  | __main__:cut_table_str_before:470 - 切除部分是非表格部分，停止切除Source/target Task
Category
# Queries
Ts
MSMARCO QA
Open Domain QA
148122
KILT-FEVER
Fact Checking
10444
KILT-WNED
Entity Linking
3396
KILT-T-REx
Slot Filling
5000
KILT-TriviaQA
Open Domain QA
5359
KILT-Wizard of Wikipedia
Dialogue
3054
Tt
MMLU
Multi-task Language Understanding
1531
PopQA
Open Domain QA
14267

2024-04-27 14:32:48.517 | INFO     | __main__:search_title:548 - paper标题模式确认，1. Introduction
2024-04-27 14:32:48.518 | SUCCESS  | __main__:title_pattern_1:611 - 成功找到标题：1. Introduction
2024-04-27 14:32:48.518 | SUCCESS  | __main__:title_pattern_1:611 - 成功找到标题：2. Related work
2024-04-27 14:32:48.519 | SUCCESS  | __main__:title_pattern_1:611 - 成功找到标题：3. Method
2024-04-27 14:32:48.519 | SUCCESS  | __main__:title_pattern_1:611 - 成功找到标题：3.1. Rotate the convolution kernels
2024-04-27 14:32:48.519 | SUCCESS  | __main__:title_pattern_1:611 - 成功找到标题：3.2. Routing function
2024-04-27 14:32:48.520 | SUCCESS  | __main__:title_pattern_1:611 - 成功找到标题：3.3. Adaptive rotated convolution module
2024-04-27 14:32:48.520 | SUCCESS  | __main__:title_pattern_1:611 - 成功找到标题：3.4. Implementation details
2024-04-27 14:32:48.520 | SUCCESS  | __main__:title_pattern_1:611 - 成功找到标题：4. Experiments
2024-04-27 14:32:48.520 | SUCCESS  | __main__:title_pattern_1:611 - 成功找到标题：4.1. Experiment settings
2024-04-27 14:32:48.521 | SUCCESS  | __main__:title_pattern_1:611 - 成功找到标题：4.2. Effectiveness on various architectures
2024-04-27 14:32:48.521 | SUCCESS  | __main__:title_pattern_1:611 - 成功找到标题：4.3. Comparison with state-of-the-art methods.
2024-04-27 14:32:48.522 | SUCCESS  | __main__:title_pattern_1:611 - 成功找到标题：4.4. Ablation studies
2024-04-27 14:32:48.522 | SUCCESS  | __main__:title_pattern_1:611 - 成功找到标题：4.5. Visualization
2024-04-27 14:32:48.523 | SUCCESS  | __main__:title_pattern_1:611 - 成功找到标题：5. Conclusion
2024-04-27 14:33:04.347 | INFO     | __main__:search_title:556 - paper标题模型确认，
1
Introduction
2024-04-27 14:33:04.347 | SUCCESS  | __main__:title_pattern_2:673 - 成功找到标题：1 Introduction
2024-04-27 14:33:04.348 | SUCCESS  | __main__:title_pattern_2:673 - 成功找到标题：2 Background
2024-04-27 14:33:04.348 | SUCCESS  | __main__:title_pattern_2:673 - 成功找到标题：3 Diffusion models and denoising autoencoders
2024-04-27 14:33:04.348 | SUCCESS  | __main__:title_pattern_2:673 - 成功找到标题：3.1 Forward process and LT
2024-04-27 14:33:04.348 | SUCCESS  | __main__:title_pattern_2:673 - 成功找到标题：3.2 Reverse process and L1:T −1
2024-04-27 14:33:04.349 | SUCCESS  | __main__:title_pattern_2:673 - 成功找到标题：3.3 Data scaling, reverse process decoder, and L0
2024-04-27 14:33:04.349 | SUCCESS  | __main__:title_pattern_2:673 - 成功找到标题：3.4 Simpliﬁed training objective
2024-04-27 14:33:04.349 | WARNING  | __main__:title_pattern_2:705 - 4 ，达到了4页的末尾
2024-04-27 14:33:04.350 | SUCCESS  | __main__:title_pattern_2:673 - 成功找到标题：4 Experiments
2024-04-27 14:33:04.350 | SUCCESS  | __main__:title_pattern_2:673 - 成功找到标题：4.1 Sample quality
2024-04-27 14:33:04.350 | WARNING  | __main__:title_pattern_2:705 - 5 ，达到了5页的末尾
2024-04-27 14:33:04.350 | SUCCESS  | __main__:title_pattern_2:673 - 成功找到标题：4.2 Reverse process parameterization and training objective ablation
2024-04-27 14:33:04.350 | SUCCESS  | __main__:title_pattern_2:673 - 成功找到标题：4.3 Progressive coding
2024-04-27 14:33:04.351 | SUCCESS  | __main__:title_pattern_2:673 - 成功找到标题：4.4 Interpolation
2024-04-27 14:33:04.351 | SUCCESS  | __main__:title_pattern_2:673 - 成功找到标题：5 Related Work
2024-04-27 14:33:04.351 | SUCCESS  | __main__:title_pattern_2:673 - 成功找到标题：6 Conclusion
2024-04-27 14:33:19.880 | INFO     | __main__:search_title:548 - paper标题模式确认，1. Introduction
2024-04-27 14:33:19.880 | SUCCESS  | __main__:title_pattern_1:611 - 成功找到标题：1. Introduction
2024-04-27 14:33:19.881 | SUCCESS  | __main__:title_pattern_1:611 - 成功找到标题：2. Related Work
2024-04-27 14:33:19.881 | SUCCESS  | __main__:title_pattern_1:611 - 成功找到标题：2.1. Diffusion Model Acceleration
2024-04-27 14:33:19.881 | SUCCESS  | __main__:title_pattern_1:611 - 成功找到标题：2.2. Post-training Quantization
2024-04-27 14:33:19.882 | SUCCESS  | __main__:title_pattern_1:611 - 成功找到标题：3. PTQ on Diffusion Models
2024-04-27 14:33:19.882 | SUCCESS  | __main__:title_pattern_1:611 - 成功找到标题：3.1. Preliminaries
2024-04-27 14:33:19.883 | SUCCESS  | __main__:title_pattern_1:611 - 成功找到标题：3.2. Exploration on Operation Selection
2024-04-27 14:33:19.883 | SUCCESS  | __main__:title_pattern_1:611 - 成功找到标题：3.3. Exploration on Calibration Dataset
2024-04-27 14:33:19.884 | SUCCESS  | __main__:title_pattern_1:611 - 成功找到标题：3.4. Exploration on Parameter Calibration
2024-04-27 14:33:19.885 | SUCCESS  | __main__:title_pattern_1:611 - 成功找到标题：4. More Experiments
2024-04-27 14:33:19.885 | SUCCESS  | __main__:title_pattern_1:611 - 成功找到标题：5. Conclusion
2024-04-27 14:33:19.886 | SUCCESS  | __main__:title_pattern_1:611 - 成功找到标题：6. Appendix
2024-04-27 14:33:19.886 | SUCCESS  | __main__:title_pattern_1:611 - 成功找到标题：6.1. Nonuniform Distribution Selection
2024-04-27 14:33:19.887 | SUCCESS  | __main__:title_pattern_1:611 - 成功找到标题：6.2. Actual Acceleration
2024-04-27 14:33:19.888 | ERROR    | __main__:cut_table_str:383 - 切除部分是非表格内容: 
2024-04-27 14:35:13.932 | INFO     | __main__:search_title:548 - paper标题模式确认，1. Introduction
2024-04-27 14:35:13.933 | SUCCESS  | __main__:title_pattern_1:612 - 成功找到标题：1. Introduction
2024-04-27 14:35:13.933 | SUCCESS  | __main__:title_pattern_1:612 - 成功找到标题：2. Related Work
2024-04-27 14:35:13.934 | SUCCESS  | __main__:title_pattern_1:612 - 成功找到标题：2.1. Diffusion Model Acceleration
2024-04-27 14:35:13.934 | SUCCESS  | __main__:title_pattern_1:612 - 成功找到标题：2.2. Post-training Quantization
2024-04-27 14:35:13.934 | SUCCESS  | __main__:title_pattern_1:612 - 成功找到标题：3. PTQ on Diffusion Models
2024-04-27 14:35:13.935 | SUCCESS  | __main__:title_pattern_1:612 - 成功找到标题：3.1. Preliminaries
2024-04-27 14:35:13.935 | SUCCESS  | __main__:title_pattern_1:612 - 成功找到标题：3.2. Exploration on Operation Selection
2024-04-27 14:35:13.936 | SUCCESS  | __main__:title_pattern_1:612 - 成功找到标题：3.3. Exploration on Calibration Dataset
2024-04-27 14:35:13.937 | SUCCESS  | __main__:title_pattern_1:612 - 成功找到标题：3.4. Exploration on Parameter Calibration
2024-04-27 14:35:13.937 | SUCCESS  | __main__:title_pattern_1:612 - 成功找到标题：4. More Experiments
2024-04-27 14:35:13.938 | SUCCESS  | __main__:title_pattern_1:612 - 成功找到标题：5. Conclusion
2024-04-27 14:35:13.938 | SUCCESS  | __main__:title_pattern_1:612 - 成功找到标题：6. Appendix
2024-04-27 14:35:13.938 | SUCCESS  | __main__:title_pattern_1:612 - 成功找到标题：6.1. Nonuniform Distribution Selection
2024-04-27 14:35:13.939 | SUCCESS  | __main__:title_pattern_1:612 - 成功找到标题：6.2. Actual Acceleration
2024-04-27 14:35:13.941 | ERROR    | __main__:cut_table_str:383 - 切除部分是非表格内容: 
2024-04-27 14:37:48.344 | INFO     | __main__:search_title:548 - paper标题模式确认，1. Introduction
2024-04-27 14:37:48.345 | SUCCESS  | __main__:title_pattern_1:617 - 成功找到标题：1. Introduction
2024-04-27 14:37:48.345 | SUCCESS  | __main__:title_pattern_1:617 - 成功找到标题：2. Related Work
2024-04-27 14:37:48.345 | SUCCESS  | __main__:title_pattern_1:617 - 成功找到标题：2.1. Diffusion Model Acceleration
2024-04-27 14:37:48.346 | SUCCESS  | __main__:title_pattern_1:617 - 成功找到标题：2.2. Post-training Quantization
2024-04-27 14:37:48.346 | SUCCESS  | __main__:title_pattern_1:617 - 成功找到标题：3. PTQ on Diffusion Models
2024-04-27 14:37:48.346 | SUCCESS  | __main__:title_pattern_1:617 - 成功找到标题：3.1. Preliminaries
2024-04-27 14:37:48.347 | SUCCESS  | __main__:title_pattern_1:617 - 成功找到标题：3.2. Exploration on Operation Selection
2024-04-27 14:37:48.347 | SUCCESS  | __main__:title_pattern_1:617 - 成功找到标题：3.3. Exploration on Calibration Dataset
2024-04-27 14:37:48.348 | SUCCESS  | __main__:title_pattern_1:617 - 成功找到标题：3.4. Exploration on Parameter Calibration
2024-04-27 14:37:48.348 | SUCCESS  | __main__:title_pattern_1:617 - 成功找到标题：4. More Experiments
2024-04-27 14:37:48.348 | SUCCESS  | __main__:title_pattern_1:617 - 成功找到标题：5. Conclusion
2024-04-27 14:37:48.349 | SUCCESS  | __main__:title_pattern_1:617 - 成功找到标题：6. Appendix
2024-04-27 14:37:48.349 | SUCCESS  | __main__:title_pattern_1:617 - 成功找到标题：6.1. Nonuniform Distribution Selection
2024-04-27 14:37:48.350 | SUCCESS  | __main__:title_pattern_1:617 - 成功找到标题：6.2. Actual Acceleration
2024-04-27 14:37:48.351 | ERROR    | __main__:cut_table_str:383 - 切除部分是非表格内容: 
2024-04-27 14:38:39.735 | INFO     | __main__:search_title:548 - paper标题模式确认，1. Introduction
2024-04-27 14:38:39.736 | SUCCESS  | __main__:title_pattern_1:602 - 成功找到标题：Abstract
2024-04-27 14:38:39.736 | SUCCESS  | __main__:title_pattern_1:618 - 成功找到标题：1. Introduction
2024-04-27 14:38:39.737 | SUCCESS  | __main__:title_pattern_1:618 - 成功找到标题：2. Related Work
2024-04-27 14:38:39.737 | SUCCESS  | __main__:title_pattern_1:618 - 成功找到标题：2.1. Diffusion Model Acceleration
2024-04-27 14:38:39.737 | SUCCESS  | __main__:title_pattern_1:618 - 成功找到标题：2.2. Post-training Quantization
2024-04-27 14:38:39.738 | SUCCESS  | __main__:title_pattern_1:618 - 成功找到标题：3. PTQ on Diffusion Models
2024-04-27 14:38:39.738 | SUCCESS  | __main__:title_pattern_1:618 - 成功找到标题：3.1. Preliminaries
2024-04-27 14:38:39.739 | SUCCESS  | __main__:title_pattern_1:618 - 成功找到标题：3.2. Exploration on Operation Selection
2024-04-27 14:38:39.739 | SUCCESS  | __main__:title_pattern_1:618 - 成功找到标题：3.3. Exploration on Calibration Dataset
2024-04-27 14:38:39.740 | SUCCESS  | __main__:title_pattern_1:618 - 成功找到标题：3.4. Exploration on Parameter Calibration
2024-04-27 14:38:39.741 | SUCCESS  | __main__:title_pattern_1:618 - 成功找到标题：4. More Experiments
2024-04-27 14:38:39.741 | SUCCESS  | __main__:title_pattern_1:618 - 成功找到标题：5. Conclusion
2024-04-27 14:38:39.742 | SUCCESS  | __main__:title_pattern_1:618 - 成功找到标题：6. Appendix
2024-04-27 14:38:39.742 | SUCCESS  | __main__:title_pattern_1:618 - 成功找到标题：6.1. Nonuniform Distribution Selection
2024-04-27 14:38:39.742 | SUCCESS  | __main__:title_pattern_1:618 - 成功找到标题：6.2. Actual Acceleration
2024-04-27 14:38:39.744 | ERROR    | __main__:cut_table_str:383 - 切除部分是非表格内容: 
2024-04-27 14:41:49.208 | INFO     | __main__:search_title:556 - paper标题模型确认，
1
Introduction
2024-04-27 14:41:49.209 | SUCCESS  | __main__:title_pattern_2:669 - 成功找到标题：Abstract
2024-04-27 14:41:49.209 | SUCCESS  | __main__:title_pattern_2:687 - 成功找到标题：1 Introduction
2024-04-27 14:41:49.209 | SUCCESS  | __main__:title_pattern_2:687 - 成功找到标题：2 Background
2024-04-27 14:41:49.210 | SUCCESS  | __main__:title_pattern_2:687 - 成功找到标题：3 Diffusion models and denoising autoencoders
2024-04-27 14:41:49.210 | SUCCESS  | __main__:title_pattern_2:687 - 成功找到标题：3.1 Forward process and LT
2024-04-27 14:41:49.210 | SUCCESS  | __main__:title_pattern_2:687 - 成功找到标题：3.2 Reverse process and L1:T −1
2024-04-27 14:41:49.211 | SUCCESS  | __main__:title_pattern_2:687 - 成功找到标题：3.3 Data scaling, reverse process decoder, and L0
2024-04-27 14:41:49.211 | SUCCESS  | __main__:title_pattern_2:687 - 成功找到标题：3.4 Simpliﬁed training objective
2024-04-27 14:41:49.211 | WARNING  | __main__:title_pattern_2:719 - 4 ，达到了4页的末尾
2024-04-27 14:41:49.212 | SUCCESS  | __main__:title_pattern_2:687 - 成功找到标题：4 Experiments
2024-04-27 14:41:49.212 | SUCCESS  | __main__:title_pattern_2:687 - 成功找到标题：4.1 Sample quality
2024-04-27 14:41:49.212 | WARNING  | __main__:title_pattern_2:719 - 5 ，达到了5页的末尾
2024-04-27 14:41:49.213 | SUCCESS  | __main__:title_pattern_2:687 - 成功找到标题：4.2 Reverse process parameterization and training objective ablation
2024-04-27 14:41:49.213 | SUCCESS  | __main__:title_pattern_2:687 - 成功找到标题：4.3 Progressive coding
2024-04-27 14:41:49.213 | SUCCESS  | __main__:title_pattern_2:687 - 成功找到标题：4.4 Interpolation
2024-04-27 14:41:49.214 | SUCCESS  | __main__:title_pattern_2:687 - 成功找到标题：5 Related Work
2024-04-27 14:41:49.214 | SUCCESS  | __main__:title_pattern_2:687 - 成功找到标题：6 Conclusion
2024-04-27 14:43:02.864 | INFO     | __main__:search_title:556 - paper标题模型确认，
1
Introduction
2024-04-27 14:43:02.864 | SUCCESS  | __main__:title_pattern_2:669 - 成功找到标题：Abstract
2024-04-27 14:43:02.864 | SUCCESS  | __main__:title_pattern_2:687 - 成功找到标题：1 Introduction
2024-04-27 14:43:02.865 | SUCCESS  | __main__:title_pattern_2:687 - 成功找到标题：2 Background
2024-04-27 14:43:02.865 | SUCCESS  | __main__:title_pattern_2:687 - 成功找到标题：3 Diffusion models and denoising autoencoders
2024-04-27 14:43:02.865 | SUCCESS  | __main__:title_pattern_2:687 - 成功找到标题：3.1 Forward process and LT
2024-04-27 14:43:02.866 | SUCCESS  | __main__:title_pattern_2:687 - 成功找到标题：3.2 Reverse process and L1:T −1
2024-04-27 14:43:02.866 | SUCCESS  | __main__:title_pattern_2:687 - 成功找到标题：3.3 Data scaling, reverse process decoder, and L0
2024-04-27 14:43:02.867 | SUCCESS  | __main__:title_pattern_2:687 - 成功找到标题：3.4 Simpliﬁed training objective
2024-04-27 14:43:02.867 | WARNING  | __main__:title_pattern_2:719 - 4 ，达到了4页的末尾
2024-04-27 14:43:02.867 | SUCCESS  | __main__:title_pattern_2:687 - 成功找到标题：4 Experiments
2024-04-27 14:43:02.868 | SUCCESS  | __main__:title_pattern_2:687 - 成功找到标题：4.1 Sample quality
2024-04-27 14:43:02.868 | WARNING  | __main__:title_pattern_2:719 - 5 ，达到了5页的末尾
2024-04-27 14:43:02.868 | SUCCESS  | __main__:title_pattern_2:687 - 成功找到标题：4.2 Reverse process parameterization and training objective ablation
2024-04-27 14:43:02.868 | SUCCESS  | __main__:title_pattern_2:687 - 成功找到标题：4.3 Progressive coding
2024-04-27 14:43:02.869 | SUCCESS  | __main__:title_pattern_2:687 - 成功找到标题：4.4 Interpolation
2024-04-27 14:43:02.869 | SUCCESS  | __main__:title_pattern_2:687 - 成功找到标题：5 Related Work
2024-04-27 14:43:02.869 | SUCCESS  | __main__:title_pattern_2:687 - 成功找到标题：6 Conclusion
2024-04-27 14:56:55.052 | INFO     | __main__:search_title:558 - paper标题模型确认，
1
Introduction
2024-04-27 14:56:55.052 | SUCCESS  | __main__:title_pattern_2:671 - 成功找到标题：Abstract
2024-04-27 14:56:55.053 | SUCCESS  | __main__:title_pattern_2:689 - 成功找到标题：1 Introduction
2024-04-27 14:56:55.053 | SUCCESS  | __main__:title_pattern_2:689 - 成功找到标题：2 Background
2024-04-27 14:56:55.054 | SUCCESS  | __main__:title_pattern_2:689 - 成功找到标题：3 Diffusion models and denoising autoencoders
2024-04-27 14:56:55.054 | SUCCESS  | __main__:title_pattern_2:689 - 成功找到标题：3.1 Forward process and LT
2024-04-27 14:56:55.054 | SUCCESS  | __main__:title_pattern_2:689 - 成功找到标题：3.2 Reverse process and L1:T −1
2024-04-27 14:56:55.055 | SUCCESS  | __main__:title_pattern_2:689 - 成功找到标题：3.3 Data scaling, reverse process decoder, and L0
2024-04-27 14:56:55.055 | SUCCESS  | __main__:title_pattern_2:689 - 成功找到标题：3.4 Simpliﬁed training objective
2024-04-27 14:56:55.055 | WARNING  | __main__:title_pattern_2:721 - 4 ，达到了4页的末尾
2024-04-27 14:56:55.056 | SUCCESS  | __main__:title_pattern_2:689 - 成功找到标题：4 Experiments
2024-04-27 14:56:55.056 | SUCCESS  | __main__:title_pattern_2:689 - 成功找到标题：4.1 Sample quality
2024-04-27 14:56:55.056 | WARNING  | __main__:title_pattern_2:721 - 5 ，达到了5页的末尾
2024-04-27 14:56:55.057 | SUCCESS  | __main__:title_pattern_2:689 - 成功找到标题：4.2 Reverse process parameterization and training objective ablation
2024-04-27 14:56:55.057 | SUCCESS  | __main__:title_pattern_2:689 - 成功找到标题：4.3 Progressive coding
2024-04-27 14:56:55.057 | SUCCESS  | __main__:title_pattern_2:689 - 成功找到标题：4.4 Interpolation
2024-04-27 14:56:55.058 | SUCCESS  | __main__:title_pattern_2:689 - 成功找到标题：5 Related Work
2024-04-27 14:56:55.058 | SUCCESS  | __main__:title_pattern_2:689 - 成功找到标题：6 Conclusion
2024-04-27 14:58:00.997 | INFO     | __main__:search_title:559 - paper标题模型确认，
1
Introduction
2024-04-27 14:58:00.998 | SUCCESS  | __main__:title_pattern_2:672 - 成功找到标题：Abstract
2024-04-27 14:58:00.998 | SUCCESS  | __main__:title_pattern_2:690 - 成功找到标题：1 Introduction
2024-04-27 14:58:00.998 | SUCCESS  | __main__:title_pattern_2:690 - 成功找到标题：2 Background
2024-04-27 14:58:00.998 | SUCCESS  | __main__:title_pattern_2:690 - 成功找到标题：3 Diffusion models and denoising autoencoders
2024-04-27 14:58:00.999 | SUCCESS  | __main__:title_pattern_2:690 - 成功找到标题：3.1 Forward process and LT
2024-04-27 14:58:00.999 | SUCCESS  | __main__:title_pattern_2:690 - 成功找到标题：3.2 Reverse process and L1:T −1
2024-04-27 14:58:00.999 | SUCCESS  | __main__:title_pattern_2:690 - 成功找到标题：3.3 Data scaling, reverse process decoder, and L0
2024-04-27 14:58:01.000 | SUCCESS  | __main__:title_pattern_2:690 - 成功找到标题：3.4 Simpliﬁed training objective
2024-04-27 14:58:01.000 | WARNING  | __main__:title_pattern_2:722 - 4 ，达到了4页的末尾
2024-04-27 14:58:01.000 | SUCCESS  | __main__:title_pattern_2:690 - 成功找到标题：4 Experiments
2024-04-27 14:58:01.000 | SUCCESS  | __main__:title_pattern_2:690 - 成功找到标题：4.1 Sample quality
2024-04-27 14:58:01.001 | WARNING  | __main__:title_pattern_2:722 - 5 ，达到了5页的末尾
2024-04-27 14:58:01.001 | SUCCESS  | __main__:title_pattern_2:690 - 成功找到标题：4.2 Reverse process parameterization and training objective ablation
2024-04-27 14:58:01.001 | SUCCESS  | __main__:title_pattern_2:690 - 成功找到标题：4.3 Progressive coding
2024-04-27 14:58:01.001 | SUCCESS  | __main__:title_pattern_2:690 - 成功找到标题：4.4 Interpolation
2024-04-27 14:58:01.002 | SUCCESS  | __main__:title_pattern_2:690 - 成功找到标题：5 Related Work
2024-04-27 14:58:01.002 | SUCCESS  | __main__:title_pattern_2:690 - 成功找到标题：6 Conclusion
2024-04-27 14:58:20.918 | INFO     | __main__:search_title:559 - paper标题模型确认，
1
Introduction
2024-04-27 14:58:20.919 | SUCCESS  | __main__:title_pattern_2:672 - 成功找到标题：Abstract
2024-04-27 14:58:20.919 | SUCCESS  | __main__:title_pattern_2:690 - 成功找到标题：1 Introduction
2024-04-27 14:58:20.919 | SUCCESS  | __main__:title_pattern_2:690 - 成功找到标题：2 Related Work
2024-04-27 14:58:20.920 | SUCCESS  | __main__:title_pattern_2:690 - 成功找到标题：3 Method
2024-04-27 14:58:20.920 | SUCCESS  | __main__:title_pattern_2:690 - 成功找到标题：3.1 Preliminaries
2024-04-27 14:58:20.920 | SUCCESS  | __main__:title_pattern_2:690 - 成功找到标题：3.2 Augmentation-adapted Retriever
2024-04-27 14:58:20.921 | SUCCESS  | __main__:title_pattern_2:690 - 成功找到标题：4 Experimental Methodologies
2024-04-27 14:58:20.921 | SUCCESS  | __main__:title_pattern_2:690 - 成功找到标题：4.1 Target Tasks
2024-04-27 14:58:20.921 | SUCCESS  | __main__:title_pattern_2:690 - 成功找到标题：4.2 Our Method
2024-04-27 14:58:20.921 | SUCCESS  | __main__:title_pattern_2:690 - 成功找到标题：4.3 Baselines
2024-04-27 14:58:20.922 | SUCCESS  | __main__:title_pattern_2:690 - 成功找到标题：5 Evaluation Results
2024-04-27 14:58:20.922 | SUCCESS  | __main__:title_pattern_2:690 - 成功找到标题：5.1 Overall Performance
2024-04-27 14:58:20.923 | SUCCESS  | __main__:title_pattern_2:690 - 成功找到标题：5.2 Ablation Study
2024-04-27 14:58:20.923 | SUCCESS  | __main__:title_pattern_2:690 - 成功找到标题：5.3 Analysis of LM-preferred Documents
2024-04-27 14:58:20.924 | SUCCESS  | __main__:title_pattern_2:690 - 成功找到标题：5.4 Multi-task Training of AAR
2024-04-27 14:58:20.924 | SUCCESS  | __main__:title_pattern_2:690 - 成功找到标题：5.5 Effect of Retrieval Corpus
2024-04-27 14:58:20.924 | SUCCESS  | __main__:title_pattern_2:690 - 成功找到标题：5.6 Application Scenarios of AAR
2024-04-27 14:58:20.924 | SUCCESS  | __main__:title_pattern_2:690 - 成功找到标题：6 Discussions
2024-04-27 14:58:20.925 | SUCCESS  | __main__:title_pattern_2:690 - 成功找到标题：7 Conclusion and Future Work
2024-04-27 14:58:20.929 | WARNING  | __main__:cut_table_str_before:473 - 切除部分是非表格部分，停止切除held to be an illegal act...

2024-04-27 14:58:20.930 | WARNING  | __main__:cut_table_str_before:473 - 切除部分是非表格部分，停止切除Source/target Task
Category
# Queries
Ts
MSMARCO QA
Open Domain QA
148122
KILT-FEVER
Fact Checking
10444
KILT-WNED
Entity Linking
3396
KILT-T-REx
Slot Filling
5000
KILT-TriviaQA
Open Domain QA
5359
KILT-Wizard of Wikipedia
Dialogue
3054
Tt
MMLU
Multi-task Language Understanding
1531
PopQA
Open Domain QA
14267

2024-04-27 14:58:47.299 | INFO     | __main__:search_title:551 - paper标题模式确认，1. Introduction
2024-04-27 14:58:47.300 | SUCCESS  | __main__:title_pattern_1:605 - 成功找到标题：Abstract
2024-04-27 14:58:47.302 | SUCCESS  | __main__:title_pattern_1:621 - 成功找到标题：1. Introduction
2024-04-27 14:58:47.303 | SUCCESS  | __main__:title_pattern_1:621 - 成功找到标题：2. Related Works
2024-04-27 14:58:47.304 | SUCCESS  | __main__:title_pattern_1:621 - 成功找到标题：3. Background
2024-04-27 14:58:47.305 | SUCCESS  | __main__:title_pattern_1:621 - 成功找到标题：3.1 Denoising Diffusion Probabilistic Model
2024-04-27 14:58:47.307 | SUCCESS  | __main__:title_pattern_1:621 - 成功找到标题：3.2 Diffusion for Segmentation
2024-04-27 14:58:47.307 | SUCCESS  | __main__:title_pattern_1:621 - 成功找到标题：4. Methods
2024-04-27 14:58:47.309 | SUCCESS  | __main__:title_pattern_1:621 - 成功找到标题：5. Experiments
2024-04-27 14:58:47.309 | SUCCESS  | __main__:title_pattern_1:621 - 成功找到标题：5.1 Experiment Setting
2024-04-27 14:58:47.310 | SUCCESS  | __main__:title_pattern_1:621 - 成功找到标题：5.1.1 Diffusion Training Strategy Comparison
2024-04-27 14:58:47.310 | SUCCESS  | __main__:title_pattern_1:621 - 成功找到标题：5.1.2 Comparison to Non-diffusion Models
2024-04-27 14:58:47.310 | SUCCESS  | __main__:title_pattern_1:621 - 成功找到标题：5.1.3 Ablation Studies for Recycling
2024-04-27 14:58:47.311 | SUCCESS  | __main__:title_pattern_1:621 - 成功找到标题：5.1.4 Evaluation Metrics
2024-04-27 14:58:47.311 | SUCCESS  | __main__:title_pattern_1:621 - 成功找到标题：5.2 Data
2024-04-27 14:58:47.311 | SUCCESS  | __main__:title_pattern_1:621 - 成功找到标题：5.2.1 Muscle Ultrasound
2024-04-27 14:58:47.311 | SUCCESS  | __main__:title_pattern_1:621 - 成功找到标题：5.2.2 Abdominal CT (AMOS)
2024-04-27 14:58:47.312 | SUCCESS  | __main__:title_pattern_1:621 - 成功找到标题：5.2.3 Prostate MR
2024-04-27 14:58:47.312 | SUCCESS  | __main__:title_pattern_1:621 - 成功找到标题：5.2.4 Brain MR (BraTS 2021)
2024-04-27 14:58:47.312 | SUCCESS  | __main__:title_pattern_1:621 - 成功找到标题：5.3 Implementation Details
2024-04-27 14:58:47.312 | SUCCESS  | __main__:title_pattern_1:621 - 成功找到标题：6. Results and Discussion
2024-04-27 14:58:47.313 | SUCCESS  | __main__:title_pattern_1:621 - 成功找到标题：6.1 Diffusion Training Strategy Comparison
2024-04-27 14:58:47.314 | SUCCESS  | __main__:title_pattern_1:621 - 成功找到标题：6.2 Comparison to Non-diffusion Models
2024-04-27 14:58:47.315 | SUCCESS  | __main__:title_pattern_1:621 - 成功找到标题：6.3 Ablation Studies
2024-04-27 14:58:47.315 | SUCCESS  | __main__:title_pattern_1:621 - 成功找到标题：6.3.1 Number of sampling steps
2024-04-27 14:58:47.316 | SUCCESS  | __main__:title_pattern_1:621 - 成功找到标题：6.3.2 Inference Variance
2024-04-27 14:58:47.317 | SUCCESS  | __main__:title_pattern_1:621 - 成功找到标题：6.3.3 Transformer
2024-04-27 14:58:47.317 | SUCCESS  | __main__:title_pattern_1:621 - 成功找到标题：6.3.4 Length of training noise schedule
2024-04-27 14:58:47.318 | SUCCESS  | __main__:title_pattern_1:621 - 成功找到标题：7. Conclusion
2024-04-27 14:58:47.329 | ERROR    | __main__:cut_table_str:386 - 切除部分是非表格内容: Parameter
Value
Optimiser

2024-04-27 14:58:59.937 | INFO     | __main__:search_title:551 - paper标题模式确认，1. Introduction
2024-04-27 14:58:59.938 | SUCCESS  | __main__:title_pattern_1:605 - 成功找到标题：Abstract
2024-04-27 14:58:59.938 | SUCCESS  | __main__:title_pattern_1:621 - 成功找到标题：1. Introduction
2024-04-27 14:58:59.938 | SUCCESS  | __main__:title_pattern_1:621 - 成功找到标题：2. Related work
2024-04-27 14:58:59.939 | SUCCESS  | __main__:title_pattern_1:621 - 成功找到标题：3. Method
2024-04-27 14:58:59.939 | SUCCESS  | __main__:title_pattern_1:621 - 成功找到标题：3.1. Rotate the convolution kernels
2024-04-27 14:58:59.939 | SUCCESS  | __main__:title_pattern_1:621 - 成功找到标题：3.2. Routing function
2024-04-27 14:58:59.940 | SUCCESS  | __main__:title_pattern_1:621 - 成功找到标题：3.3. Adaptive rotated convolution module
2024-04-27 14:58:59.941 | SUCCESS  | __main__:title_pattern_1:621 - 成功找到标题：3.4. Implementation details
2024-04-27 14:58:59.942 | SUCCESS  | __main__:title_pattern_1:621 - 成功找到标题：4. Experiments
2024-04-27 14:58:59.942 | SUCCESS  | __main__:title_pattern_1:621 - 成功找到标题：4.1. Experiment settings
2024-04-27 14:58:59.943 | SUCCESS  | __main__:title_pattern_1:621 - 成功找到标题：4.2. Effectiveness on various architectures
2024-04-27 14:58:59.943 | SUCCESS  | __main__:title_pattern_1:621 - 成功找到标题：4.3. Comparison with state-of-the-art methods.
2024-04-27 14:58:59.944 | SUCCESS  | __main__:title_pattern_1:621 - 成功找到标题：4.4. Ablation studies
2024-04-27 14:58:59.944 | SUCCESS  | __main__:title_pattern_1:621 - 成功找到标题：4.5. Visualization
2024-04-27 14:58:59.945 | SUCCESS  | __main__:title_pattern_1:621 - 成功找到标题：5. Conclusion
2024-04-27 14:59:08.021 | INFO     | __main__:search_title:551 - paper标题模式确认，1. Introduction
2024-04-27 14:59:08.022 | SUCCESS  | __main__:title_pattern_1:605 - 成功找到标题：Abstract
2024-04-27 14:59:08.022 | SUCCESS  | __main__:title_pattern_1:621 - 成功找到标题：1. Introduction
2024-04-27 14:59:08.022 | SUCCESS  | __main__:title_pattern_1:621 - 成功找到标题：2. Related Work
2024-04-27 14:59:08.023 | SUCCESS  | __main__:title_pattern_1:621 - 成功找到标题：2.1. Diffusion Model Acceleration
2024-04-27 14:59:08.023 | SUCCESS  | __main__:title_pattern_1:621 - 成功找到标题：2.2. Post-training Quantization
2024-04-27 14:59:08.023 | SUCCESS  | __main__:title_pattern_1:621 - 成功找到标题：3. PTQ on Diffusion Models
2024-04-27 14:59:08.023 | SUCCESS  | __main__:title_pattern_1:621 - 成功找到标题：3.1. Preliminaries
2024-04-27 14:59:08.024 | SUCCESS  | __main__:title_pattern_1:621 - 成功找到标题：3.2. Exploration on Operation Selection
2024-04-27 14:59:08.024 | SUCCESS  | __main__:title_pattern_1:621 - 成功找到标题：3.3. Exploration on Calibration Dataset
2024-04-27 14:59:08.025 | SUCCESS  | __main__:title_pattern_1:621 - 成功找到标题：3.4. Exploration on Parameter Calibration
2024-04-27 14:59:08.025 | SUCCESS  | __main__:title_pattern_1:621 - 成功找到标题：4. More Experiments
2024-04-27 14:59:08.026 | SUCCESS  | __main__:title_pattern_1:621 - 成功找到标题：5. Conclusion
2024-04-27 14:59:08.026 | SUCCESS  | __main__:title_pattern_1:621 - 成功找到标题：6. Appendix
2024-04-27 14:59:08.026 | SUCCESS  | __main__:title_pattern_1:621 - 成功找到标题：6.1. Nonuniform Distribution Selection
2024-04-27 14:59:08.027 | SUCCESS  | __main__:title_pattern_1:621 - 成功找到标题：6.2. Actual Acceleration
2024-04-27 14:59:08.028 | ERROR    | __main__:cut_table_str:386 - 切除部分是非表格内容: 
2024-04-27 14:59:08.028 | WARNING  | __main__:find_line_is_table_content:334 - 发现###，切除部分终止
2024-04-27 14:59:08.029 | WARNING  | __main__:find_line_is_table_content:334 - 发现###，切除部分终止
2024-04-27 15:00:00.729 | INFO     | __main__:search_title:551 - paper标题模式确认，1. Introduction
2024-04-27 15:00:00.729 | SUCCESS  | __main__:title_pattern_1:605 - 成功找到标题：Abstract
2024-04-27 15:00:00.730 | SUCCESS  | __main__:title_pattern_1:621 - 成功找到标题：1. Introduction
2024-04-27 15:00:00.730 | SUCCESS  | __main__:title_pattern_1:621 - 成功找到标题：2. Related Work
2024-04-27 15:00:00.730 | SUCCESS  | __main__:title_pattern_1:621 - 成功找到标题：2.1. Diffusion Model Acceleration
2024-04-27 15:00:00.731 | SUCCESS  | __main__:title_pattern_1:621 - 成功找到标题：2.2. Post-training Quantization
2024-04-27 15:00:00.731 | SUCCESS  | __main__:title_pattern_1:621 - 成功找到标题：3. PTQ on Diffusion Models
2024-04-27 15:00:00.731 | SUCCESS  | __main__:title_pattern_1:621 - 成功找到标题：3.1. Preliminaries
2024-04-27 15:00:00.732 | SUCCESS  | __main__:title_pattern_1:621 - 成功找到标题：3.2. Exploration on Operation Selection
2024-04-27 15:00:00.732 | SUCCESS  | __main__:title_pattern_1:621 - 成功找到标题：3.3. Exploration on Calibration Dataset
2024-04-27 15:00:00.733 | SUCCESS  | __main__:title_pattern_1:621 - 成功找到标题：3.4. Exploration on Parameter Calibration
2024-04-27 15:00:00.733 | SUCCESS  | __main__:title_pattern_1:621 - 成功找到标题：4. More Experiments
2024-04-27 15:00:00.733 | SUCCESS  | __main__:title_pattern_1:621 - 成功找到标题：5. Conclusion
2024-04-27 15:00:00.734 | SUCCESS  | __main__:title_pattern_1:621 - 成功找到标题：6. Appendix
2024-04-27 15:00:00.734 | SUCCESS  | __main__:title_pattern_1:621 - 成功找到标题：6.1. Nonuniform Distribution Selection
2024-04-27 15:00:00.734 | SUCCESS  | __main__:title_pattern_1:621 - 成功找到标题：6.2. Actual Acceleration
2024-04-27 15:00:00.736 | ERROR    | __main__:cut_table_str:386 - 切除部分是非表格内容: 
2024-04-27 15:00:00.736 | WARNING  | __main__:find_line_is_table_content:334 - 发现###，切除部分终止，后面是###
2024-04-27 15:00:00.737 | WARNING  | __main__:find_line_is_table_content:334 - 发现###，切除部分终止，后面是###
2024-04-27 15:00:29.167 | INFO     | __main__:search_title:551 - paper标题模式确认，1. Introduction
2024-04-27 15:00:29.167 | SUCCESS  | __main__:title_pattern_1:605 - 成功找到标题：Abstract
2024-04-27 15:00:29.168 | SUCCESS  | __main__:title_pattern_1:621 - 成功找到标题：1. Introduction
2024-04-27 15:00:29.168 | SUCCESS  | __main__:title_pattern_1:621 - 成功找到标题：2. Related Work
2024-04-27 15:00:29.168 | SUCCESS  | __main__:title_pattern_1:621 - 成功找到标题：2.1. Diffusion Model Acceleration
2024-04-27 15:00:29.169 | SUCCESS  | __main__:title_pattern_1:621 - 成功找到标题：2.2. Post-training Quantization
2024-04-27 15:00:29.169 | SUCCESS  | __main__:title_pattern_1:621 - 成功找到标题：3. PTQ on Diffusion Models
2024-04-27 15:00:29.169 | SUCCESS  | __main__:title_pattern_1:621 - 成功找到标题：3.1. Preliminaries
2024-04-27 15:00:29.170 | SUCCESS  | __main__:title_pattern_1:621 - 成功找到标题：3.2. Exploration on Operation Selection
2024-04-27 15:00:29.170 | SUCCESS  | __main__:title_pattern_1:621 - 成功找到标题：3.3. Exploration on Calibration Dataset
2024-04-27 15:00:29.172 | SUCCESS  | __main__:title_pattern_1:621 - 成功找到标题：3.4. Exploration on Parameter Calibration
2024-04-27 15:00:29.172 | SUCCESS  | __main__:title_pattern_1:621 - 成功找到标题：4. More Experiments
2024-04-27 15:00:29.172 | SUCCESS  | __main__:title_pattern_1:621 - 成功找到标题：5. Conclusion
2024-04-27 15:00:29.173 | SUCCESS  | __main__:title_pattern_1:621 - 成功找到标题：6. Appendix
2024-04-27 15:00:29.173 | SUCCESS  | __main__:title_pattern_1:621 - 成功找到标题：6.1. Nonuniform Distribution Selection
2024-04-27 15:00:29.174 | SUCCESS  | __main__:title_pattern_1:621 - 成功找到标题：6.2. Actual Acceleration
2024-04-27 15:00:29.175 | ERROR    | __main__:cut_table_str:386 - 切除部分是非表格内容: 
2024-04-27 15:00:29.176 | WARNING  | __main__:find_line_is_table_content:334 - 发现###，切除部分终止，后面是###
2024-04-27 15:00:29.176 | WARNING  | __main__:find_line_is_table_content:334 - 发现###，切除部分终止，后面是###
2024-04-27 15:00:37.870 | INFO     | __main__:search_title:551 - paper标题模式确认，1. Introduction
2024-04-27 15:00:37.870 | SUCCESS  | __main__:title_pattern_1:605 - 成功找到标题：Abstract
2024-04-27 15:00:37.871 | SUCCESS  | __main__:title_pattern_1:621 - 成功找到标题：1. Introduction
2024-04-27 15:00:37.871 | SUCCESS  | __main__:title_pattern_1:621 - 成功找到标题：2. Related Work
2024-04-27 15:00:37.871 | SUCCESS  | __main__:title_pattern_1:621 - 成功找到标题：2.1. Diffusion Model Acceleration
2024-04-27 15:00:37.872 | SUCCESS  | __main__:title_pattern_1:621 - 成功找到标题：2.2. Post-training Quantization
2024-04-27 15:00:37.872 | SUCCESS  | __main__:title_pattern_1:621 - 成功找到标题：3. PTQ on Diffusion Models
2024-04-27 15:00:37.872 | SUCCESS  | __main__:title_pattern_1:621 - 成功找到标题：3.1. Preliminaries
2024-04-27 15:00:37.873 | SUCCESS  | __main__:title_pattern_1:621 - 成功找到标题：3.2. Exploration on Operation Selection
2024-04-27 15:00:37.874 | SUCCESS  | __main__:title_pattern_1:621 - 成功找到标题：3.3. Exploration on Calibration Dataset
2024-04-27 15:00:37.875 | SUCCESS  | __main__:title_pattern_1:621 - 成功找到标题：3.4. Exploration on Parameter Calibration
2024-04-27 15:00:37.875 | SUCCESS  | __main__:title_pattern_1:621 - 成功找到标题：4. More Experiments
2024-04-27 15:00:37.876 | SUCCESS  | __main__:title_pattern_1:621 - 成功找到标题：5. Conclusion
2024-04-27 15:00:37.876 | SUCCESS  | __main__:title_pattern_1:621 - 成功找到标题：6. Appendix
2024-04-27 15:00:37.876 | SUCCESS  | __main__:title_pattern_1:621 - 成功找到标题：6.1. Nonuniform Distribution Selection
2024-04-27 15:00:37.877 | SUCCESS  | __main__:title_pattern_1:621 - 成功找到标题：6.2. Actual Acceleration
2024-04-27 15:00:37.879 | ERROR    | __main__:cut_table_str:386 - 切除部分是非表格内容: 
2024-04-27 15:00:37.879 | WARNING  | __main__:find_line_is_table_content:334 - 发现###，切除部分终止，后面是5. Conclusion
2024-04-27 15:00:37.880 | WARNING  | __main__:find_line_is_table_content:334 - 发现###，切除部分终止，后面是6.2. Actual Acceleration
